2025-06-17 12:18:34,538 - INFO - Loading embedding model...
2025-06-17 12:18:34,541 - INFO - Use pytorch device_name: cpu
2025-06-17 12:18:34,541 - INFO - Load pretrained SentenceTransformer: all-MiniLM-L6-v2
2025-06-17 12:18:51,124 - INFO - Setting up Chroma DB client...
2025-06-17 12:18:51,223 - INFO - Anonymized telemetry enabled. See                     https://docs.trychroma.com/telemetry for more information.
2025-06-17 12:19:05,736 - INFO - Received query: What is Retrieval-Augmented Generation? with top_k: 2
2025-06-17 12:19:05,783 - INFO - Query embedding computed in 0.05s
2025-06-17 12:19:05,865 - INFO - Document retrieval took 0.08s
2025-06-17 12:19:07,426 - INFO - Text generation took 1.56s
2025-06-17 12:19:07,427 - INFO - Total query handling time: 1.69s
2025-06-17 12:43:40,367 - INFO - Loading embedding model...
2025-06-17 12:43:40,377 - INFO - Use pytorch device_name: cpu
2025-06-17 12:43:40,378 - INFO - Load pretrained SentenceTransformer: all-MiniLM-L6-v2
2025-06-17 12:43:48,342 - INFO - Setting up Chroma DB client...
2025-06-17 12:43:48,460 - INFO - Anonymized telemetry enabled. See                     https://docs.trychroma.com/telemetry for more information.
2025-06-17 14:45:18,773 - INFO - Loading embedding model...
2025-06-17 14:45:18,809 - INFO - Use pytorch device_name: cpu
2025-06-17 14:45:18,814 - INFO - Load pretrained SentenceTransformer: all-MiniLM-L6-v2
2025-06-17 14:45:25,947 - INFO - Setting up Chroma DB client...
2025-06-17 14:45:26,162 - INFO - Anonymized telemetry enabled. See                     https://docs.trychroma.com/telemetry for more information.
2025-06-17 14:45:30,025 - WARNING - (trapped) error reading bcrypt version
Traceback (most recent call last):
  File "C:\Users\saleh\OneDrive\Documents\uni\Quest Internship\venv\Lib\site-packages\passlib\handlers\bcrypt.py", line 620, in _load_backend_mixin
    version = _bcrypt.__about__.__version__
              ^^^^^^^^^^^^^^^^^
AttributeError: module 'bcrypt' has no attribute '__about__'
2025-06-17 14:45:31,040 - ERROR - Form data requires "python-multipart" to be installed. 
You can install "python-multipart" with: 

pip install python-multipart

2025-06-17 14:47:21,174 - INFO - Loading embedding model...
2025-06-17 14:47:21,178 - INFO - Use pytorch device_name: cpu
2025-06-17 14:47:21,179 - INFO - Load pretrained SentenceTransformer: all-MiniLM-L6-v2
2025-06-17 14:47:29,755 - INFO - Setting up Chroma DB client...
2025-06-17 14:47:29,898 - INFO - Anonymized telemetry enabled. See                     https://docs.trychroma.com/telemetry for more information.
2025-06-17 14:47:34,291 - WARNING - (trapped) error reading bcrypt version
Traceback (most recent call last):
  File "C:\Users\saleh\OneDrive\Documents\uni\Quest Internship\venv\Lib\site-packages\passlib\handlers\bcrypt.py", line 620, in _load_backend_mixin
    version = _bcrypt.__about__.__version__
              ^^^^^^^^^^^^^^^^^
AttributeError: module 'bcrypt' has no attribute '__about__'
2025-06-17 14:49:17,241 - INFO - Loading embedding model...
2025-06-17 14:49:17,251 - INFO - Use pytorch device_name: cpu
2025-06-17 14:49:17,251 - INFO - Load pretrained SentenceTransformer: all-MiniLM-L6-v2
2025-06-17 14:49:26,458 - INFO - Setting up Chroma DB client...
2025-06-17 14:49:26,729 - INFO - Anonymized telemetry enabled. See                     https://docs.trychroma.com/telemetry for more information.
2025-06-17 14:49:29,204 - WARNING - (trapped) error reading bcrypt version
Traceback (most recent call last):
  File "C:\Users\saleh\OneDrive\Documents\uni\Quest Internship\venv\Lib\site-packages\passlib\handlers\bcrypt.py", line 620, in _load_backend_mixin
    version = _bcrypt.__about__.__version__
              ^^^^^^^^^^^^^^^^^
AttributeError: module 'bcrypt' has no attribute '__about__'
2025-06-17 14:50:01,980 - INFO - Loading embedding model...
2025-06-17 14:50:01,988 - INFO - Use pytorch device_name: cpu
2025-06-17 14:50:01,988 - INFO - Load pretrained SentenceTransformer: all-MiniLM-L6-v2
2025-06-17 14:50:10,736 - INFO - Setting up Chroma DB client...
2025-06-17 14:50:11,017 - INFO - Anonymized telemetry enabled. See                     https://docs.trychroma.com/telemetry for more information.
2025-06-17 14:50:14,102 - WARNING - (trapped) error reading bcrypt version
Traceback (most recent call last):
  File "C:\Users\saleh\OneDrive\Documents\uni\Quest Internship\venv\Lib\site-packages\passlib\handlers\bcrypt.py", line 620, in _load_backend_mixin
    version = _bcrypt.__about__.__version__
              ^^^^^^^^^^^^^^^^^
AttributeError: module 'bcrypt' has no attribute '__about__'
2025-06-17 14:51:22,970 - INFO - Received query: What is Retrieval-Augmented Generation? with top_k: 2
2025-06-17 14:51:24,327 - INFO - Query embedding computed in 1.35s
2025-06-17 14:51:24,785 - INFO - Document retrieval took 0.46s
2025-06-17 14:51:49,791 - INFO - Text generation took 25.00s
2025-06-17 14:51:49,809 - INFO - Total query handling time: 26.84s
2025-06-17 16:12:31,140 - INFO - Loading embedding model...
2025-06-17 16:12:31,152 - INFO - Use pytorch device_name: cpu
2025-06-17 16:12:31,153 - INFO - Load pretrained SentenceTransformer: all-MiniLM-L6-v2
2025-06-17 16:12:45,447 - INFO - Setting up Chroma DB client...
2025-06-17 16:12:45,758 - INFO - Anonymized telemetry enabled. See                     https://docs.trychroma.com/telemetry for more information.
2025-06-17 16:22:19,080 - INFO - HTTP Request: GET https://oauth2.googleapis.com/tokeninfo?id_token=eyJhbGciOiJSUzI1NiIsImtpZCI6IjBkOGE2NzM5OWU3ODgyYWNhZTdkN2Y2OGIyMjgwMjU2YTc5NmE1ODIiLCJ0eXAiOiJKV1QifQ.eyJpc3MiOiJodHRwczovL2FjY291bnRzLmdvb2dsZS5jb20iLCJhenAiOiIyMzUwMzIzMTY5OTQtYWJmNmFubHJudjQzbnBzZGxsN2FuZzNxN2JpMGltaHEuYXBwcy5nb29nbGV1c2VyY29udGVudC5jb20iLCJhdWQiOiIyMzUwMzIzMTY5OTQtYWJmNmFubHJudjQzbnBzZGxsN2FuZzNxN2JpMGltaHEuYXBwcy5nb29nbGV1c2VyY29udGVudC5jb20iLCJzdWIiOiIxMDIzNTc4MTEwNTQ4MDMwNzMwMzgiLCJlbWFpbCI6InNhbGVoYWlydW0yMkBnbWFpbC5jb20iLCJlbWFpbF92ZXJpZmllZCI6dHJ1ZSwiYXRfaGFzaCI6Ink5cjd3M3pyZWtDSWoxTkY3dkRwSHciLCJuYW1lIjoiU2FsZWhhIElydW0iLCJwaWUwMzIzMTY5OTQtYWJmNmFubHJudjQzbnBzZGxsN2FuZzNxN2JpMGltaHEuYXBwcy5nb29nbGV1c2VyY29udGVudC5jb20iLCJzdWIiOiIxMDIzNTc4MTEwNTQ4MDMwNzMwMzgiLCJlbWFpbCI6InNhbGVoYWlydW0yMkBnbWFpbC5jb20iLCJlbWFpbF92ZXJpZmllZCI6dHJ1ZSwiYXRfaGFzaCI6Ink5cjd3M3pyZWtDSWoxTkY3dkRwSHciLCJuYW1lIjoiU2FsZWhhIElydW0iLCJwaWN0dXJlIjoiaHR0cHM6Ly9saDMuZ29vZ2xldXNlcmNvbnRlbnQuY29tL2EvQUNnOG9jSlRLbGtWQUhiYmd2N2t6QjU3OHVVVXVNbEZBcnczQWJELXZ3VXR6QUozV2JONUFuSmY9czk2LWMiLCJnaXZlbl9uYW1lIjoiU2FsZWhhIiwiZmFtaWx5X25hbWUiOiJJcnVtIiwiaWF0IjoxNzUwMTU5MTM4LCJleHAiOjE3NTAxNjI3Mzh9.QI6JLOVZ0TJ2U2RzbfPJp9IwfA54vd2aeQcRiKTFNFBNuVXQ-ylTfrm7hsm_jgmTSmVOc297yOrT5yR190ZhrN8rKxV0G3kyHzAlqro1andPoEZatfkeX3fpQiJWiX_fbVwZQDhg79BoMeKp_QsxfgINu5C9JFnSnSYyXPv7SXZCIXGXiE-Mbjwz3pmLmSFwGJQ6HLfQm7YF05Lo2bpM-xsdM7cta4nBIT5QMBzbCa2uDyeG7vO4u2lQriKnHSqs84pCygJtY5j59wWPaUTOwHmLwLeNjB4NcWHRMUwHWpb8pjDHBamppcYHprCijxjzGT-4Fv1x8YyoYxVHGd8T7w "HTTP/1.1 500 Internal Server Error"
2025-06-17 16:26:48,554 - INFO - Loading embedding model...
2025-06-17 16:26:48,573 - INFO - Use pytorch device_name: cpu
2025-06-17 16:26:48,575 - INFO - Load pretrained SentenceTransformer: all-MiniLM-L6-v2
2025-06-17 16:27:06,146 - INFO - Setting up Chroma DB client...
2025-06-17 16:27:06,560 - INFO - Anonymized telemetry enabled. See                     https://docs.trychroma.com/telemetry for more information.
2025-06-17 16:41:43,571 - INFO - Loading embedding model...
2025-06-17 16:41:43,580 - INFO - Use pytorch device_name: cpu
2025-06-17 16:41:43,582 - INFO - Load pretrained SentenceTransformer: all-MiniLM-L6-v2
2025-06-17 16:41:55,244 - INFO - Setting up Chroma DB client...
2025-06-17 16:41:55,771 - INFO - Anonymized telemetry enabled. See                     https://docs.trychroma.com/telemetry for more information.
2025-06-17 16:43:48,972 - INFO - Loading embedding model...
2025-06-17 16:43:48,998 - INFO - Use pytorch device_name: cpu
2025-06-17 16:43:49,009 - INFO - Load pretrained SentenceTransformer: all-MiniLM-L6-v2
2025-06-17 16:44:00,762 - INFO - Setting up Chroma DB client...
2025-06-17 16:44:00,950 - INFO - Anonymized telemetry enabled. See                     https://docs.trychroma.com/telemetry for more information.
2025-06-17 16:51:12,919 - INFO - HTTP Request: POST https://oauth2.googleapis.com/token "HTTP/1.1 401 Unauthorized"
2025-06-17 16:53:27,120 - INFO - Loading embedding model...
2025-06-17 16:53:27,130 - INFO - Use pytorch device_name: cpu
2025-06-17 16:53:27,130 - INFO - Load pretrained SentenceTransformer: all-MiniLM-L6-v2
2025-06-17 16:53:36,023 - INFO - Setting up Chroma DB client...
2025-06-17 16:53:36,266 - INFO - Anonymized telemetry enabled. See                     https://docs.trychroma.com/telemetry for more information.
2025-06-17 16:54:22,883 - INFO - Loading embedding model...
2025-06-17 16:54:22,890 - INFO - Use pytorch device_name: cpu
2025-06-17 16:54:22,891 - INFO - Load pretrained SentenceTransformer: all-MiniLM-L6-v2
2025-06-17 16:54:30,652 - INFO - Setting up Chroma DB client...
2025-06-17 16:54:30,903 - INFO - Anonymized telemetry enabled. See                     https://docs.trychroma.com/telemetry for more information.
2025-06-17 16:56:02,007 - INFO - Loading embedding model...
2025-06-17 16:56:02,012 - INFO - Use pytorch device_name: cpu
2025-06-17 16:56:02,013 - INFO - Load pretrained SentenceTransformer: all-MiniLM-L6-v2
2025-06-17 16:56:10,391 - INFO - Setting up Chroma DB client...
2025-06-17 16:56:10,662 - INFO - Anonymized telemetry enabled. See                     https://docs.trychroma.com/telemetry for more information.
2025-06-17 16:56:49,104 - INFO - Loading embedding model...
2025-06-17 16:56:49,109 - INFO - Use pytorch device_name: cpu
2025-06-17 16:56:49,109 - INFO - Load pretrained SentenceTransformer: all-MiniLM-L6-v2
2025-06-17 16:56:56,161 - INFO - Setting up Chroma DB client...
2025-06-17 16:56:56,397 - INFO - Anonymized telemetry enabled. See                     https://docs.trychroma.com/telemetry for more information.
2025-06-17 16:58:13,289 - INFO - HTTP Request: POST https://oauth2.googleapis.com/token "HTTP/1.1 401 Unauthorized"
2025-06-17 16:59:26,300 - INFO - Loading embedding model...
2025-06-17 16:59:26,361 - INFO - Use pytorch device_name: cpu
2025-06-17 16:59:26,362 - INFO - Load pretrained SentenceTransformer: all-MiniLM-L6-v2
2025-06-17 16:59:36,090 - INFO - Setting up Chroma DB client...
2025-06-17 16:59:36,654 - INFO - Anonymized telemetry enabled. See                     https://docs.trychroma.com/telemetry for more information.
2025-06-17 17:00:07,752 - INFO - HTTP Request: POST https://oauth2.googleapis.com/token "HTTP/1.1 200 OK"
2025-06-17 17:00:49,020 - INFO - HTTP Request: GET https://oauth2.googleapis.com/tokeninfo?id_token=eyJhbGciOiJSUzI1NiIsImtpZCI6IjBkOGE2NzM5OWU3ODgyYWNhZTdkN2Y2OGIyMjgwMjU2YTc5NmE1ODIiLCJ0eXAiOiJKV1QifQ.eyJpc3MiOiJodHRwczovL2FjY291bnRzLmdvb2dsZS5jb20iLCJhenAiOiIyMzUwMzIzMTY5OTQtYWJmNmFubHJudjQzbnBzZGxsN2FuZzNxN2JpMGltaHEuYXBwcy5nb29nbGV1c2VyY29udGVudC5jb20iLCJhdWQiOiIyMzUwMzIzMTY5OTQtYWJmNmFubHJudjQzbnBzZGxsN2FuZzNxN2JpMGltaHEuYXBwcy5nb29nbGV1c2VyY29udGVudC5jb20iLCJzdWIiOiIxMDIzNTc4MTEwNTQ4MDMwNzMwMzgiLCJlbWFpbCI6InNhbGVoYWlydW0yMkBnbWFpbC5jb20iLCJlbWFpbF92ZXJpZmllZCI6dHJ1ZSwiYXRfaGFzaCI6InFCd092OXltNDlndjNMazVxc1dCT1EiLCJuYW1lIjoiU2FsZWhhIElydW0iLCJwaWN0dXJlIjoiaHR0cHM6Ly9saDMuZ29vZ2xldXNlcmNvbnRlbnQuY29tL2EvQUNnOG9jSlRLbGtWQUhiYmd2N2t6QjU3OHVVVXVNbEZBcnczQWJELXZ3VXR6QUozV2JONUFuSmY9czk2LWMiLCJnaXZlbl9uYW1lIjoiU2FsZWhhIiwiZmFtaWx5X25hbWUiOiJJcnVtIiwiaWF0IjoxNzUwMTYxNjEwLCJleHAiOjE3NTAxNjUyMTB9.FH3XDqsgVY94xI0FAdsRcdeOkr8EOfwnrd5jrrnvWhO85DoPglJvH61jkOkdweKgdfsgdfXc6cShmILIeGUK0v-KAzstP6loZQ5yzYPy1vuQDH1MD93tA-QdB9E3k0Juej3wVvVZOYpAKqgkteh7569BELT6pU-wT3aOWX_ISVVPdtpWtrdsukj-KRMPGsq8HIIreK6TcFVe017Olp7KDo8NvIFmwmSOaSjzpHsciu1rRGXFeLEi0_KuZEZFigMk3GXp3u4ykRDfB46nBnao02y855w1ItCa-NV6YhsvjdYIwagl_JIVLS1ZZcIPteK-jHLJIlHlZAXp3OLo9YvnMA "HTTP/1.1 200 OK"
2025-06-17 17:00:49,069 - INFO - Received query: What is AI? with top_k: 2
2025-06-17 17:00:49,775 - INFO - Query embedding computed in 0.70s
2025-06-17 17:00:50,041 - INFO - Document retrieval took 0.27s
2025-06-17 17:01:02,091 - INFO - Text generation took 12.05s
2025-06-17 17:01:02,091 - INFO - Total query handling time: 13.02s
2025-06-17 17:01:22,294 - INFO - HTTP Request: GET https://oauth2.googleapis.com/tokeninfo?id_token=eyJhbGciOiJSUzI1NiIsImtpZCI6IjBkOGE2NzM5OWU3ODgyYWNhZTdkN2Y2OGIyMjgwMjU2YTc5NmE1ODIiLCJ0eXAiOiJKV1QifQ.eyJpc3MiOiJodHRwczovL2FjY291bnRzLmdvb2dsZS5jb20iLCJhenAiOiIyMzUwMzIzMTY5OTQtYWJmNmFubHJudjQzbnBzZGxsN2FuZzNxN2JpMGltaHEuYXBwcy5nb29nbGV1c2VyY29udGVudC5jb20iLCJhdWQiOiIyMzUwMzIzMTY5OTQtYWJmNmFubHJudjQzbnBzZGxsN2FuZzNxN2JpMGltaHEuYXBwcy5nb29nbGV1c2VyY29udGVudC5jb20iLCJzdWIiOiIxMDIzNTc4MTEwNTQ4MDMwNzMwMzgiLCJlbWFpbCI6InNhbGVoYWlydW0yMkBnbWFpbC5jb20iLCJlbWFpbF92ZXJpZmllZCI6dHJ1ZSwiYXRfaGFzaCI6InFCd092OXltNDlndjNMazVxc1dCT1EiLCJuYW1lIjoiU2FsZWhhIElydW0iLCJwaWN0dXJlIjoiaHR0cHM6Ly9saDMuZ29vZ2xldXNlcmNvbnRlbnQuY29tL2EvQUNnOG9jSlRLbGtWQUhiYmd2N2t6QjU3OHVVVXVNbEZBcnczQWJELXZ3VXR6QUozV2JONUFuSmY9czk2LWMiLCJnaXZlbl9uYW1lIjoiU2FsZWhhIiwiZmFtaWx5X25hbWUiOiJJcnVtIiwiaWF0IjoxNzUwMTYxNjEwLCJleHAiOjE3NTAxNjUyMTB9.FH3XDqsgVY94xI0FAdsRcdeOkr8EOfwnrd5jrrnvWhO85DoPglJvH61jkOkdweKgdfsgdfXc6cShmILIeGUK0v-KAzstP6loZQ5yzYPy1vuQDH1MD93tA-QdB9E3k0Juej3wVvVZOYpAKqgkteh7569BELT6pU-wT3aOWX_ISVVPdtpWtrdsukj-KRMPGsq8HIIreK6TcFVe017Olp7KDo8NvIFmwmSOaSjzpHsciu1rRGXFeLEi0_KuZEZFigMk3GXp3u4ykRDfB46nBnao02y855w1ItCa-NV6YhsvjdYIwagl_JIVLS1ZZcIPteK-jHLJIlHlZAXp3OLo9YvnMA "HTTP/1.1 200 OK"
2025-06-17 17:01:22,328 - INFO - Received query: What is ChromaDB? with top_k: 2
2025-06-17 17:01:22,402 - INFO - Query embedding computed in 0.07s
2025-06-17 17:01:22,411 - INFO - Document retrieval took 0.00s
2025-06-17 17:01:24,783 - INFO - Text generation took 2.37s
2025-06-17 17:01:24,783 - INFO - Total query handling time: 2.46s
2025-06-18 13:57:25,435 - INFO - Loading embedding model...
2025-06-18 13:57:25,440 - INFO - Use pytorch device_name: cpu
2025-06-18 13:57:25,441 - INFO - Load pretrained SentenceTransformer: all-MiniLM-L6-v2
2025-06-18 13:57:34,614 - INFO - Setting up Chroma DB client...
2025-06-18 13:57:34,723 - INFO - Anonymized telemetry enabled. See                     https://docs.trychroma.com/telemetry for more information.
2025-06-18 13:58:09,307 - INFO - HTTP Request: POST https://oauth2.googleapis.com/token "HTTP/1.1 200 OK"
2025-06-18 14:00:53,060 - INFO - HTTP Request: GET https://oauth2.googleapis.com/tokeninfo?id_token=eyJhbGciOiJSUzI1NiIsImtpZCI6IjFiYjc3NGJkODcyOWVhMzhlOWMyZmUwYzY0ZDJjYTk0OGJmNjZmMGYiLCJ0eXAiOiJKV1QifQ.eyJpc3MiOiJodHRwczovL2FjY291bnRzLmdvb2dsZS5jb20iLCJhenAiOiIyMzUwMzIzMTY5OTQtYWJmNmFubHJudjQzbnBzZGxsN2FuZzNxN2JpMGltaHEuYXBwcy5nb29nbGV1c2VyY29udGVudC5jb20iLCJhdWQiOiIyMzUwMzIzMTY5OTQtYWJmNmFubHJudjQzbnBzZGxsN2FuZzNxN2JpMGltaHEuYXBwcy5nb29nbGV1c2VyY29udGVudC5jb20iLCJzdWIiOiIxMDIzNTc4MTEwNTQ4MDMwNzMwMzgiLCJlbWFpbCI6InNhbGVoYWlydW0yMkBnbWFpbC5jb20iLCJlbWFpbF92ZXJpZmllZCI6dHJ1ZSwiYXRfaGFzaCI6IjY0cXdvd1JvZWZ5eVFHXzd3RUY4c3ciLCJuYW1lIjoiU2FsZWhhIElydW0iLCJwaWN0dXJlIjoiaHR0cHM6Ly9saDMuZ29vZ2xldXNlcmNvbnRlbnQuY29tL2EvQUNnOG9jSlRLbGtWQUhiYmd2N2t6QjU3OHVVVXVNbEZBcnczQWJELXZ3VXR6QUozV2JONUFuSmY9czk2LWMiLCJnaXZlbl9uYW1lIjoiU2FsZWhhIiwiZmFtaWx5X25hbWUiOiJJcnVtIiwiaWF0IjoxNzUwMjM3MDkzLCJleHAiOjE3NTAyNDA2OTN9.Fvsxw3sTdRIP60Z1d5EbdDGRb5hm25PdwbNgjsdUerWW8FMkitdpNHV-UkJFRuhEaHlLd0-rpdzVwwYBWsXnZUXlZu_BYDT0V__-u4D65-OIR9rrQ6KbAHV-q860dw0czO9zicjJ99l8Z27DEJ2dgd92FLmHtPdLA8WTXBNkCxOrFy8rs8JjXyNbkORBn7EaOrTWr8HONaYuBR-OXKmEBBs7fbcZn8pPmrMc5NpCg9rbuiDGlrboTLdrjtzXz2GbV_AwNTK03U94NIHyOpNjn4XrHxIurwAEADRZ8w_dTHQvTbJckCk4GUwnvtfIms63YgKO1SP9tSJR7UPzxTSzig "HTTP/1.1 200 OK"
2025-06-18 14:02:18,062 - INFO - Loading embedding model...
2025-06-18 14:02:18,066 - INFO - Use pytorch device_name: cpu
2025-06-18 14:02:18,066 - INFO - Load pretrained SentenceTransformer: all-MiniLM-L6-v2
2025-06-18 14:02:24,913 - INFO - Setting up Chroma DB client...
2025-06-18 14:02:25,013 - INFO - Anonymized telemetry enabled. See                     https://docs.trychroma.com/telemetry for more information.
2025-06-18 14:02:34,231 - INFO - HTTP Request: GET https://oauth2.googleapis.com/tokeninfo?id_token=eyJhbGciOiJSUzI1NiIsImtpZCI6IjFiYjc3NGJkODcyOWVhMzhlOWMyZmUwYzY0ZDJjYTk0OGJmNjZmMGYiLCJ0eXAiOiJKV1QifQ.eyJpc3MiOiJodHRwczovL2FjY291bnRzLmdvb2dsZS5jb20iLCJhenAiOiIyMzUwMzIzMTY5OTQtYWJmNmFubHJudjQzbnBzZGxsN2FuZzNxN2JpMGltaHEuYXBwcy5nb29nbGV1c2VyY29udGVudC5jb20iLCJhdWQiOiIyMzUwMzIzMTY5OTQtYWJmNmFubHJudjQzbnBzZGxsN2FuZzNxN2JpMGltaHEuYXBwcy5nb29nbGV1c2VyY29udGVudC5jb20iLCJzdWIiOiIxMDIzNTc4MTEwNTQ4MDMwNzMwMzgiLCJlbWFpbCI6InNhbGVoYWlydW0yMkBnbWFpbC5jb20iLCJlbWFpbF92ZXJpZmllZCI6dHJ1ZSwiYXRfaGFzaCI6IjY0cXdvd1JvZWZ5eVFHXzd3RUY4c3ciLCJuYW1lIjoiU2FsZWhhIElydW0iLCJwaWN0dXJlIjoiaHR0cHM6Ly9saDMuZ29vZ2xldXNlcmNvbnRlbnQuY29tL2EvQUNnOG9jSlRLbGtWQUhiYmd2N2t6QjU3OHVVVXVNbEZBcnczQWJELXZ3VXR6QUozV2JONUFuSmY9czk2LWMiLCJnaXZlbl9uYW1lIjoiU2FsZWhhIiwiZmFtaWx5X25hbWUiOiJJcnVtIiwiaWF0IjoxNzUwMjM3MDkzLCJleHAiOjE3NTAyNDA2OTN9.Fvsxw3sTdRIP60Z1d5EbdDGRb5hm25PdwbNgjsdUerWW8FMkitdpNHV-UkJFRuhEaHlLd0-rpdzVwwYBWsXnZUXlZu_BYDT0V__-u4D65-OIR9rrQ6KbAHV-q860dw0czO9zicjJ99l8Z27DEJ2dgd92FLmHtPdLA8WTXBNkCxOrFy8rs8JjXyNbkORBn7EaOrTWr8HONaYuBR-OXKmEBBs7fbcZn8pPmrMc5NpCg9rbuiDGlrboTLdrjtzXz2GbV_AwNTK03U94NIHyOpNjn4XrHxIurwAEADRZ8w_dTHQvTbJckCk4GUwnvtfIms63YgKO1SP9tSJR7UPzxTSzig "HTTP/1.1 200 OK"
2025-06-18 14:02:34,276 - INFO - Received query: What is ChromaDB with top_k: 3
2025-06-18 14:02:36,570 - ERROR - Error during RAG query handling
Traceback (most recent call last):
  File "C:\Users\saleh\OneDrive\Documents\uni\Quest_Internship\venv\Lib\site-packages\redis\connection.py", line 385, in connect_check_health
    sock = self.retry.call_with_retry(
           ^^^^^^^^^^^^^^^^^^^^^^^^^^^
  File "C:\Users\saleh\OneDrive\Documents\uni\Quest_Internship\venv\Lib\site-packages\redis\retry.py", line 87, in call_with_retry
    return do()
           ^^^^
  File "C:\Users\saleh\OneDrive\Documents\uni\Quest_Internship\venv\Lib\site-packages\redis\connection.py", line 386, in <lambda>
    lambda: self._connect(), lambda error: self.disconnect(error)
            ^^^^^^^^^^^^^^^
  File "C:\Users\saleh\OneDrive\Documents\uni\Quest_Internship\venv\Lib\site-packages\redis\connection.py", line 761, in _connect
    for res in socket.getaddrinfo(
               ^^^^^^^^^^^^^^^^^^^
  File "C:\Users\saleh\anaconda3\Lib\socket.py", line 974, in getaddrinfo
    for res in _socket.getaddrinfo(host, port, family, type, proto, flags):
               ^^^^^^^^^^^^^^^^^^^^^^^^^^^^^^^^^^^^^^^^^^^^^^^^^^^^^^^^^^^
socket.gaierror: [Errno 11001] getaddrinfo failed

During handling of the above exception, another exception occurred:

Traceback (most recent call last):
  File "C:\Users\saleh\OneDrive\Documents\uni\Quest_Internship\Basic_RAG\app.py", line 138, in query_rag
    query_embedding = get_cached_embedding(request.query)
                      ^^^^^^^^^^^^^^^^^^^^^^^^^^^^^^^^^^^
  File "C:\Users\saleh\OneDrive\Documents\uni\Quest_Internship\Basic_RAG\app.py", line 117, in get_cached_embedding
    cached = r.get(text)
             ^^^^^^^^^^^
  File "C:\Users\saleh\OneDrive\Documents\uni\Quest_Internship\venv\Lib\site-packages\redis\commands\core.py", line 1829, in get
    return self.execute_command("GET", name, keys=[name])
           ^^^^^^^^^^^^^^^^^^^^^^^^^^^^^^^^^^^^^^^^^^^^^^
  File "C:\Users\saleh\OneDrive\Documents\uni\Quest_Internship\venv\Lib\site-packages\redis\client.py", line 623, in execute_command
    return self._execute_command(*args, **options)
           ^^^^^^^^^^^^^^^^^^^^^^^^^^^^^^^^^^^^^^^
  File "C:\Users\saleh\OneDrive\Documents\uni\Quest_Internship\venv\Lib\site-packages\redis\client.py", line 629, in _execute_command
    conn = self.connection or pool.get_connection()
                              ^^^^^^^^^^^^^^^^^^^^^
  File "C:\Users\saleh\OneDrive\Documents\uni\Quest_Internship\venv\Lib\site-packages\redis\utils.py", line 191, in wrapper
    return func(*args, **kwargs)
           ^^^^^^^^^^^^^^^^^^^^^
  File "C:\Users\saleh\OneDrive\Documents\uni\Quest_Internship\venv\Lib\site-packages\redis\connection.py", line 1530, in get_connection
    connection.connect()
  File "C:\Users\saleh\OneDrive\Documents\uni\Quest_Internship\venv\Lib\site-packages\redis\connection.py", line 379, in connect
    self.connect_check_health(check_health=True)
  File "C:\Users\saleh\OneDrive\Documents\uni\Quest_Internship\venv\Lib\site-packages\redis\connection.py", line 391, in connect_check_health
    raise ConnectionError(self._error_message(e))
redis.exceptions.ConnectionError: Error 11001 connecting to redis:6379. getaddrinfo failed.
2025-06-18 14:03:24,817 - INFO - Loading embedding model...
2025-06-18 14:03:24,821 - INFO - Use pytorch device_name: cpu
2025-06-18 14:03:24,822 - INFO - Load pretrained SentenceTransformer: all-MiniLM-L6-v2
2025-06-18 14:03:30,721 - INFO - Setting up Chroma DB client...
2025-06-18 14:03:30,830 - INFO - Anonymized telemetry enabled. See                     https://docs.trychroma.com/telemetry for more information.
2025-06-18 14:03:46,282 - INFO - HTTP Request: GET https://oauth2.googleapis.com/tokeninfo?id_token=eyJhbGciOiJSUzI1NiIsImtpZCI6IjFiYjc3NGJkODcyOWVhMzhlOWMyZmUwYzY0ZDJjYTk0OGJmNjZmMGYiLCJ0eXAiOiJKV1QifQ.eyJpc3MiOiJodHRwczovL2FjY291bnRzLmdvb2dsZS5jb20iLCJhenAiOiIyMzUwMzIzMTY5OTQtYWJmNmFubHJudjQzbnBzZGxsN2FuZzNxN2JpMGltaHEuYXBwcy5nb29nbGV1c2VyY29udGVudC5jb20iLCJhdWQiOiIyMzUwMzIzMTY5OTQtYWJmNmFubHJudjQzbnBzZGxsN2FuZzNxN2JpMGltaHEuYXBwcy5nb29nbGV1c2VyY29udGVudC5jb20iLCJzdWIiOiIxMDIzNTc4MTEwNTQ4MDMwNzMwMzgiLCJlbWFpbCI6InNhbGVoYWlydW0yMkBnbWFpbC5jb20iLCJlbWFpbF92ZXJpZmllZCI6dHJ1ZSwiYXRfaGFzaCI6IjY0cXdvd1JvZWZ5eVFHXzd3RUY4c3ciLCJuYW1lIjoiU2FsZWhhIElydW0iLCJwaWN0dXJlIjoiaHR0cHM6Ly9saDMuZ29vZ2xldXNlcmNvbnRlbnQuY29tL2EvQUNnOG9jSlRLbGtWQUhiYmd2N2t6QjU3OHVVVXVNbEZBcnczQWJELXZ3VXR6QUozV2JONUFuSmY9czk2LWMiLCJnaXZlbl9uYW1lIjoiU2FsZWhhIiwiZmFtaWx5X25hbWUiOiJJcnVtIiwiaWF0IjoxNzUwMjM3MDkzLCJleHAiOjE3NTAyNDA2OTN9.Fvsxw3sTdRIP60Z1d5EbdDGRb5hm25PdwbNgjsdUerWW8FMkitdpNHV-UkJFRuhEaHlLd0-rpdzVwwYBWsXnZUXlZu_BYDT0V__-u4D65-OIR9rrQ6KbAHV-q860dw0czO9zicjJ99l8Z27DEJ2dgd92FLmHtPdLA8WTXBNkCxOrFy8rs8JjXyNbkORBn7EaOrTWr8HONaYuBR-OXKmEBBs7fbcZn8pPmrMc5NpCg9rbuiDGlrboTLdrjtzXz2GbV_AwNTK03U94NIHyOpNjn4XrHxIurwAEADRZ8w_dTHQvTbJckCk4GUwnvtfIms63YgKO1SP9tSJR7UPzxTSzig "HTTP/1.1 200 OK"
2025-06-18 14:03:46,311 - INFO - Received query: What is ChromaDB with top_k: 3
2025-06-18 14:03:48,595 - ERROR - Error during RAG query handling
Traceback (most recent call last):
  File "C:\Users\saleh\OneDrive\Documents\uni\Quest_Internship\venv\Lib\site-packages\redis\connection.py", line 385, in connect_check_health
    sock = self.retry.call_with_retry(
           ^^^^^^^^^^^^^^^^^^^^^^^^^^^
  File "C:\Users\saleh\OneDrive\Documents\uni\Quest_Internship\venv\Lib\site-packages\redis\retry.py", line 87, in call_with_retry
    return do()
           ^^^^
  File "C:\Users\saleh\OneDrive\Documents\uni\Quest_Internship\venv\Lib\site-packages\redis\connection.py", line 386, in <lambda>
    lambda: self._connect(), lambda error: self.disconnect(error)
            ^^^^^^^^^^^^^^^
  File "C:\Users\saleh\OneDrive\Documents\uni\Quest_Internship\venv\Lib\site-packages\redis\connection.py", line 761, in _connect
    for res in socket.getaddrinfo(
               ^^^^^^^^^^^^^^^^^^^
  File "C:\Users\saleh\anaconda3\Lib\socket.py", line 974, in getaddrinfo
    for res in _socket.getaddrinfo(host, port, family, type, proto, flags):
               ^^^^^^^^^^^^^^^^^^^^^^^^^^^^^^^^^^^^^^^^^^^^^^^^^^^^^^^^^^^
socket.gaierror: [Errno 11001] getaddrinfo failed

During handling of the above exception, another exception occurred:

Traceback (most recent call last):
  File "C:\Users\saleh\OneDrive\Documents\uni\Quest_Internship\Basic_RAG\app.py", line 138, in query_rag
    query_embedding = get_cached_embedding(request.query)
                      ^^^^^^^^^^^^^^^^^^^^^^^^^^^^^^^^^^^
  File "C:\Users\saleh\OneDrive\Documents\uni\Quest_Internship\Basic_RAG\app.py", line 117, in get_cached_embedding
    cached = r.get(text)
             ^^^^^^^^^^^
  File "C:\Users\saleh\OneDrive\Documents\uni\Quest_Internship\venv\Lib\site-packages\redis\commands\core.py", line 1829, in get
    return self.execute_command("GET", name, keys=[name])
           ^^^^^^^^^^^^^^^^^^^^^^^^^^^^^^^^^^^^^^^^^^^^^^
  File "C:\Users\saleh\OneDrive\Documents\uni\Quest_Internship\venv\Lib\site-packages\redis\client.py", line 623, in execute_command
    return self._execute_command(*args, **options)
           ^^^^^^^^^^^^^^^^^^^^^^^^^^^^^^^^^^^^^^^
  File "C:\Users\saleh\OneDrive\Documents\uni\Quest_Internship\venv\Lib\site-packages\redis\client.py", line 629, in _execute_command
    conn = self.connection or pool.get_connection()
                              ^^^^^^^^^^^^^^^^^^^^^
  File "C:\Users\saleh\OneDrive\Documents\uni\Quest_Internship\venv\Lib\site-packages\redis\utils.py", line 191, in wrapper
    return func(*args, **kwargs)
           ^^^^^^^^^^^^^^^^^^^^^
  File "C:\Users\saleh\OneDrive\Documents\uni\Quest_Internship\venv\Lib\site-packages\redis\connection.py", line 1530, in get_connection
    connection.connect()
  File "C:\Users\saleh\OneDrive\Documents\uni\Quest_Internship\venv\Lib\site-packages\redis\connection.py", line 379, in connect
    self.connect_check_health(check_health=True)
  File "C:\Users\saleh\OneDrive\Documents\uni\Quest_Internship\venv\Lib\site-packages\redis\connection.py", line 391, in connect_check_health
    raise ConnectionError(self._error_message(e))
redis.exceptions.ConnectionError: Error 11001 connecting to redis:6379. getaddrinfo failed.
2025-06-18 14:04:34,622 - INFO - Loading embedding model...
2025-06-18 14:04:34,625 - INFO - Use pytorch device_name: cpu
2025-06-18 14:04:34,626 - INFO - Load pretrained SentenceTransformer: all-MiniLM-L6-v2
2025-06-18 14:04:40,497 - INFO - Setting up Chroma DB client...
2025-06-18 14:04:40,584 - INFO - Anonymized telemetry enabled. See                     https://docs.trychroma.com/telemetry for more information.
2025-06-18 14:04:56,203 - INFO - HTTP Request: GET https://oauth2.googleapis.com/tokeninfo?id_token=eyJhbGciOiJSUzI1NiIsImtpZCI6IjFiYjc3NGJkODcyOWVhMzhlOWMyZmUwYzY0ZDJjYTk0OGJmNjZmMGYiLCJ0eXAiOiJKV1QifQ.eyJpc3MiOiJodHRwczovL2FjY291bnRzLmdvb2dsZS5jb20iLCJhenAiOiIyMzUwMzIzMTY5OTQtYWJmNmFubHJudjQzbnBzZGxsN2FuZzNxN2JpMGltaHEuYXBwcy5nb29nbGV1c2VyY29udGVudC5jb20iLCJhdWQiOiIyMzUwMzIzMTY5OTQtYWJmNmFubHJudjQzbnBzZGxsN2FuZzNxN2JpMGltaHEuYXBwcy5nb29nbGV1c2VyY29udGVudC5jb20iLCJzdWIiOiIxMDIzNTc4MTEwNTQ4MDMwNzMwMzgiLCJlbWFpbCI6InNhbGVoYWlydW0yMkBnbWFpbC5jb20iLCJlbWFpbF92ZXJpZmllZCI6dHJ1ZSwiYXRfaGFzaCI6IjY0cXdvd1JvZWZ5eVFHXzd3RUY4c3ciLCJuYW1lIjoiU2FsZWhhIElydW0iLCJwaWN0dXJlIjoiaHR0cHM6Ly9saDMuZ29vZ2xldXNlcmNvbnRlbnQuY29tL2EvQUNnOG9jSlRLbGtWQUhiYmd2N2t6QjU3OHVVVXVNbEZBcnczQWJELXZ3VXR6QUozV2JONUFuSmY9czk2LWMiLCJnaXZlbl9uYW1lIjoiU2FsZWhhIiwiZmFtaWx5X25hbWUiOiJJcnVtIiwiaWF0IjoxNzUwMjM3MDkzLCJleHAiOjE3NTAyNDA2OTN9.Fvsxw3sTdRIP60Z1d5EbdDGRb5hm25PdwbNgjsdUerWW8FMkitdpNHV-UkJFRuhEaHlLd0-rpdzVwwYBWsXnZUXlZu_BYDT0V__-u4D65-OIR9rrQ6KbAHV-q860dw0czO9zicjJ99l8Z27DEJ2dgd92FLmHtPdLA8WTXBNkCxOrFy8rs8JjXyNbkORBn7EaOrTWr8HONaYuBR-OXKmEBBs7fbcZn8pPmrMc5NpCg9rbuiDGlrboTLdrjtzXz2GbV_AwNTK03U94NIHyOpNjn4XrHxIurwAEADRZ8w_dTHQvTbJckCk4GUwnvtfIms63YgKO1SP9tSJR7UPzxTSzig "HTTP/1.1 200 OK"
2025-06-18 14:04:56,233 - INFO - Received query: What is ChromaDB with top_k: 3
2025-06-18 14:04:56,306 - INFO - Query embedding computed in 0.07s
2025-06-18 14:04:56,537 - INFO - Document retrieval took 0.23s
2025-06-18 14:05:09,647 - INFO - Text generation took 13.11s
2025-06-18 14:05:09,652 - INFO - Total query handling time: 13.42s
2025-06-18 14:41:40,609 - INFO - Loading embedding model...
2025-06-18 14:41:40,616 - INFO - Use pytorch device_name: cpu
2025-06-18 14:41:40,680 - INFO - Load pretrained SentenceTransformer: all-MiniLM-L6-v2
2025-06-18 14:41:53,263 - INFO - Setting up Chroma DB client...
2025-06-18 14:41:53,417 - INFO - Anonymized telemetry enabled. See                     https://docs.trychroma.com/telemetry for more information.
2025-06-18 15:33:30,419 - INFO - Loading embedding model...
2025-06-18 15:33:30,425 - INFO - Use pytorch device_name: cpu
2025-06-18 15:33:30,425 - INFO - Load pretrained SentenceTransformer: all-MiniLM-L6-v2
2025-06-18 15:33:37,105 - INFO - Setting up Chroma DB client...
2025-06-18 15:33:37,185 - INFO - Anonymized telemetry enabled. See                     https://docs.trychroma.com/telemetry for more information.
2025-06-18 15:34:22,867 - INFO - HTTP Request: POST https://oauth2.googleapis.com/token "HTTP/1.1 200 OK"
2025-06-18 15:36:21,061 - INFO - HTTP Request: GET https://oauth2.googleapis.com/tokeninfo?id_token=eyJhbGciOiJSUzI1NiIsImtpZCI6IjFiYjc3NGJkODcyOWVhMzhlOWMyZmUwYzY0ZDJjYTk0OGJmNjZmMGYiLCJ0eXAiOiJKV1QifQ.eyJpc3MiOiJodHRwczovL2FjY291bnRzLmdvb2dsZS5jb20iLCJhenAiOiIyMzUwMzIzMTY5OTQtYWJmNmFubHJudjQzbnBzZGxsN2FuZzNxN2JpMGltaHEuYXBwcy5nb29nbGV1c2VyY29udGVudC5jb20iLCJhdWQiOiIyMzUwMzIzMTY5OTQtYWJmNmFubHJudjQzbnBzZGxsN2FuZzNxN2JpMGltaHEuYXBwcy5nb29nbGV1c2VyY29udGVudC5jb20iLCJzdWIiOiIxMTA2ODY4MzE3OTEyMTU5NDQ3MzYiLCJlbWFpbCI6InNhbGVoYXJhbmRvbUBnbWFpbC5jb20iLCJlbWFpbF92ZXJpZmllZCI6dHJ1ZSwiYXRfaGFzaCI6IjhUWVd3QkJ6aDZPU1Y3YUF4ZnZCQWciLCJuYW1lIjoiU2FsZWhhIElydW0iLCJwaWN0dXJlIjoiaHR0cHM6Ly9saDMuZ29vZ2xldXNlcmNvbnRlbnQuY29tL2EvQUNnOG9jSVhlRHgwanJVTEU1MWxIYUpVY1ZaczV3eGQ2TnJSeHk1LTN1cGJoNjNJN2IxbW5oRT1zOTYtYyIsImdpdmVuX25hbWUiOiJTYWxlaGEiLCJmYW1pbHlfbmFtZSI6IklydW0iLCJpYXQiOjE3NTAyNDI4NjIsImV4cCI6MTc1MDI0NjQ2Mn0.dv2SYqC84QrDU2S7VuDTVvrb53hhDElm7-aIeY6zIgrXHha209IU1OjcWsbUo6AlgGyqoefEd0CfXCdMUKwYr_DnvxFmHaa4eRPqvjKLPzAFsjle_kV0XqpUIc0rxCtX1IciEcEFC9WGOKPIX2B-FP-77-bYMbqaIIBB1lU4r1IEvpe3sN_utRiQQd2GNnIK2vj0ZjLyJ94kkmZfy5TWjkyZYprc8kadhx-L4EeX_4KA0YYD4vb2b0LJvE5KCg8sC3XB09Li_U0lC6h_La2EYd3QMJnwkthqQBul4NCPBIIkfnmaxv37RMFlvOw71QOG3kjUgbygn3K33co9wh0dBw "HTTP/1.1 200 OK"
2025-06-18 15:37:28,262 - INFO - Loading embedding model...
2025-06-18 15:37:28,266 - INFO - Use pytorch device_name: cpu
2025-06-18 15:37:28,266 - INFO - Load pretrained SentenceTransformer: all-MiniLM-L6-v2
2025-06-18 15:37:35,347 - INFO - Setting up Chroma DB client...
2025-06-18 15:37:35,430 - INFO - Anonymized telemetry enabled. See                     https://docs.trychroma.com/telemetry for more information.
2025-06-18 15:37:46,529 - INFO - HTTP Request: GET https://oauth2.googleapis.com/tokeninfo?id_token=eyJhbGciOiJSUzI1NiIsImtpZCI6IjFiYjc3NGJkODcyOWVhMzhlOWMyZmUwYzY0ZDJjYTk0OGJmNjZmMGYiLCJ0eXAiOiJKV1QifQ.eyJpc3MiOiJodHRwczovL2FjY291bnRzLmdvb2dsZS5jb20iLCJhenAiOiIyMzUwMzIzMTY5OTQtYWJmNmFubHJudjQzbnBzZGxsN2FuZzNxN2JpMGltaHEuYXBwcy5nb29nbGV1c2VyY29udGVudC5jb20iLCJhdWQiOiIyMzUwMzIzMTY5OTQtYWJmNmFubHJudjQzbnBzZGxsN2FuZzNxN2JpMGltaHEuYXBwcy5nb29nbGV1c2VyY29udGVudC5jb20iLCJzdWIiOiIxMTA2ODY4MzE3OTEyMTU5NDQ3MzYiLCJlbWFpbCI6InNhbGVoYXJhbmRvbUBnbWFpbC5jb20iLCJlbWFpbF92ZXJpZmllZCI6dHJ1ZSwiYXRfaGFzaCI6IjhUWVd3QkJ6aDZPU1Y3YUF4ZnZCQWciLCJuYW1lIjoiU2FsZWhhIElydW0iLCJwaWN0dXJlIjoiaHR0cHM6Ly9saDMuZ29vZ2xldXNlcmNvbnRlbnQuY29tL2EvQUNnOG9jSVhlRHgwanJVTEU1MWxIYUpVY1ZaczV3eGQ2TnJSeHk1LTN1cGJoNjNJN2IxbW5oRT1zOTYtYyIsImdpdmVuX25hbWUiOiJTYWxlaGEiLCJmYW1pbHlfbmFtZSI6IklydW0iLCJpYXQiOjE3NTAyNDI4NjIsImV4cCI6MTc1MDI0NjQ2Mn0.dv2SYqC84QrDU2S7VuDTVvrb53hhDElm7-aIeY6zIgrXHha209IU1OjcWsbUo6AlgGyqoefEd0CfXCdMUKwYr_DnvxFmHaa4eRPqvjKLPzAFsjle_kV0XqpUIc0rxCtX1IciEcEFC9WGOKPIX2B-FP-77-bYMbqaIIBB1lU4r1IEvpe3sN_utRiQQd2GNnIK2vj0ZjLyJ94kkmZfy5TWjkyZYprc8kadhx-L4EeX_4KA0YYD4vb2b0LJvE5KCg8sC3XB09Li_U0lC6h_La2EYd3QMJnwkthqQBul4NCPBIIkfnmaxv37RMFlvOw71QOG3kjUgbygn3K33co9wh0dBw "HTTP/1.1 200 OK"
2025-06-18 15:37:46,543 - INFO - Received query: whats chroma db with top_k: 3
2025-06-18 15:37:46,617 - INFO - Query embedding computed in 0.07s
2025-06-18 15:37:46,741 - INFO - Document retrieval took 0.12s
2025-06-18 15:37:57,838 - INFO - Text generation took 11.10s
2025-06-18 15:37:57,839 - INFO - Total query handling time: 11.30s
